2016-06-07 16:05:28,021 INFO  [default] reading "/home/bredelings/Devel/OpenTree/2.tree//cleaned_ott/cleaned_ott.tre"...
2016-06-07 16:05:28,022 INFO  [default] reading "/home/bredelings/Devel/OpenTree/2.tree//cleaned_phylo/ex_2@tree1.tre"...
2016-06-07 16:05:28,022 INFO  [default] reading "/home/bredelings/Devel/OpenTree/2.tree//cleaned_phylo/ex_2@tree2.tre"...
2016-06-07 16:05:28,022 INFO  [default] reading "/home/bredelings/Devel/OpenTree/2.tree//cleaned_phylo/ex_2@tree1.tre"...
2016-06-07 16:05:28,022 INFO  [default] reading "/home/bredelings/Devel/OpenTree/2.tree//cleaned_phylo/ex_2@tree2.tre"...
2016-06-07 16:05:28,022 INFO  [default] Exemplifying OTT-ID15 with:
2016-06-07 16:05:28,022 INFO  [default]     7
2016-06-07 16:05:28,022 INFO  [default] writing "/home/bredelings/Devel/OpenTree/2.tree//exemplified_phylo/taxonomy.tre"
2016-06-07 16:05:28,022 INFO  [default] writing "/home/bredelings/Devel/OpenTree/2.tree//exemplified_phylo/ex_2@tree1.tre"
2016-06-07 16:05:28,022 INFO  [default] writing "/home/bredelings/Devel/OpenTree/2.tree//exemplified_phylo/ex_2@tree2.tre"
2016-06-07 16:05:28,022 INFO  [default] writing "/home/bredelings/Devel/OpenTree/2.tree//exemplified_phylo/ex_2@tree1.tre"
2016-06-07 16:05:28,023 INFO  [default] writing "/home/bredelings/Devel/OpenTree/2.tree//exemplified_phylo/ex_2@tree2.tre"
2016-06-07 16:05:28,039 INFO  [default] reading "/home/bredelings/Devel/OpenTree/2.tree//exemplified_phylo/taxonomy.tre"...
2016-06-07 16:05:28,239 INFO  [default] reading "/home/bredelings/Devel/OpenTree/2.tree//subproblems/ott14.tre"...
2016-06-07 16:05:28,243 INFO  [default] reading "/home/bredelings/Devel/OpenTree/2.tree//subproblems/ott17.tre"...
2016-06-07 16:05:28,269 INFO  [default] reading "/home/bredelings/Devel/OpenTree/2.tree//subproblem_solutions/ott14.tre"...
2016-06-07 16:05:28,269 INFO  [default] reading "/home/bredelings/Devel/OpenTree/2.tree//subproblem_solutions/ott17.tre"...
2016-06-07 16:05:28,292 INFO  [default] reading "/home/bredelings/Devel/OpenTree/2.tree//grafted_solution/grafted_solution.tre"...
2016-06-07 16:05:28,292 INFO  [default] reading "/home/bredelings/Devel/OpenTree/2.tree//cleaned_ott/cleaned_ott.tre"...
2016-06-07 16:05:28,317 INFO  [default] reading "/home/bredelings/Devel/OpenTree/2.tree//labelled_supertree/labelled_supertree.tre"...
2016-06-07 16:05:28,317 INFO  [default] reading "/home/bredelings/Devel/OpenTree/2.tree//exemplified_phylo/ex_2@tree1.tre"...
2016-06-07 16:05:28,318 INFO  [default] reading "/home/bredelings/Devel/OpenTree/2.tree//exemplified_phylo/ex_2@tree2.tre"...
2016-06-07 16:05:28,318 INFO  [default] reading "/home/bredelings/Devel/OpenTree/2.tree//exemplified_phylo/ex_2@tree1.tre"...
2016-06-07 16:05:28,318 INFO  [default] reading "/home/bredelings/Devel/OpenTree/2.tree//exemplified_phylo/ex_2@tree2.tre"...
2016-06-08 14:17:28,537 INFO  [default] reading "/home/bredelings/Devel/OpenTree/2.tree//labelled_supertree/labelled_supertree.tre"...
2016-06-08 14:17:28,543 INFO  [default] reading "/home/bredelings/Devel/OpenTree/2.tree//labelled_supertree/labelled_supertree.tre"...
2016-06-08 14:17:28,577 INFO  [default] reading "/home/bredelings/Devel/OpenTree/2.tree//grafted_solution/grafted_solution.tre"...
